Analysis & Synthesis report for microwave
Thu Oct 13 16:55:48 2022
Quartus Prime Version 21.1.1 Build 850 06/23/2022 SJ Lite Edition


---------------------
; Table of Contents ;
---------------------
  1. Legal Notice
  2. Analysis & Synthesis Summary
  3. Analysis & Synthesis Settings
  4. Parallel Compilation
  5. Analysis & Synthesis Source Files Read
  6. Analysis & Synthesis Resource Usage Summary
  7. Analysis & Synthesis Resource Utilization by Entity
  8. User-Specified and Inferred Latches
  9. Registers Removed During Synthesis
 10. General Register Statistics
 11. Multiplexer Restructuring Statistics (Restructuring Performed)
 12. Parameter Settings for User Entity Instance: encoder:enc|divide_freq:dividido_por_100
 13. Port Connectivity Checks: "timer:timer|Counter_mod_10_min:minutes"
 14. Post-Synthesis Netlist Statistics for Top Partition
 15. Elapsed Time Per Partition
 16. Analysis & Synthesis Messages



----------------
; Legal Notice ;
----------------
Copyright (C) 2022  Intel Corporation. All rights reserved.
Your use of Intel Corporation's design tools, logic functions 
and other software and tools, and any partner logic 
functions, and any output files from any of the foregoing 
(including device programming or simulation files), and any 
associated documentation or information are expressly subject 
to the terms and conditions of the Intel Program License 
Subscription Agreement, the Intel Quartus Prime License Agreement,
the Intel FPGA IP License Agreement, or other applicable license
agreement, including, without limitation, that your use is for
the sole purpose of programming logic devices manufactured by
Intel and sold by Intel or its authorized distributors.  Please
refer to the applicable agreement for further details, at
https://fpgasoftware.intel.com/eula.



+----------------------------------------------------------------------------------+
; Analysis & Synthesis Summary                                                     ;
+------------------------------------+---------------------------------------------+
; Analysis & Synthesis Status        ; Successful - Thu Oct 13 16:55:48 2022       ;
; Quartus Prime Version              ; 21.1.1 Build 850 06/23/2022 SJ Lite Edition ;
; Revision Name                      ; microwave                                   ;
; Top-level Entity Name              ; microwave                                   ;
; Family                             ; Cyclone IV E                                ;
; Total logic elements               ; 85                                          ;
;     Total combinational functions  ; 85                                          ;
;     Dedicated logic registers      ; 17                                          ;
; Total registers                    ; 17                                          ;
; Total pins                         ; 37                                          ;
; Total virtual pins                 ; 0                                           ;
; Total memory bits                  ; 0                                           ;
; Embedded Multiplier 9-bit elements ; 0                                           ;
; Total PLLs                         ; 0                                           ;
+------------------------------------+---------------------------------------------+


+------------------------------------------------------------------------------------------------------------+
; Analysis & Synthesis Settings                                                                              ;
+------------------------------------------------------------------+--------------------+--------------------+
; Option                                                           ; Setting            ; Default Value      ;
+------------------------------------------------------------------+--------------------+--------------------+
; Device                                                           ; EP4CE115F29C7      ;                    ;
; Top-level entity name                                            ; microwave          ; microwave          ;
; Family name                                                      ; Cyclone IV E       ; Cyclone V          ;
; Use smart compilation                                            ; Off                ; Off                ;
; Enable parallel Assembler and Timing Analyzer during compilation ; On                 ; On                 ;
; Enable compact report table                                      ; Off                ; Off                ;
; Restructure Multiplexers                                         ; Auto               ; Auto               ;
; Create Debugging Nodes for IP Cores                              ; Off                ; Off                ;
; Preserve fewer node names                                        ; On                 ; On                 ;
; Intel FPGA IP Evaluation Mode                                    ; Enable             ; Enable             ;
; Verilog Version                                                  ; Verilog_2001       ; Verilog_2001       ;
; VHDL Version                                                     ; VHDL_1993          ; VHDL_1993          ;
; State Machine Processing                                         ; Auto               ; Auto               ;
; Safe State Machine                                               ; Off                ; Off                ;
; Extract Verilog State Machines                                   ; On                 ; On                 ;
; Extract VHDL State Machines                                      ; On                 ; On                 ;
; Ignore Verilog initial constructs                                ; Off                ; Off                ;
; Iteration limit for constant Verilog loops                       ; 5000               ; 5000               ;
; Iteration limit for non-constant Verilog loops                   ; 250                ; 250                ;
; Add Pass-Through Logic to Inferred RAMs                          ; On                 ; On                 ;
; Infer RAMs from Raw Logic                                        ; On                 ; On                 ;
; Parallel Synthesis                                               ; On                 ; On                 ;
; DSP Block Balancing                                              ; Auto               ; Auto               ;
; NOT Gate Push-Back                                               ; On                 ; On                 ;
; Power-Up Don't Care                                              ; On                 ; On                 ;
; Remove Redundant Logic Cells                                     ; Off                ; Off                ;
; Remove Duplicate Registers                                       ; On                 ; On                 ;
; Ignore CARRY Buffers                                             ; Off                ; Off                ;
; Ignore CASCADE Buffers                                           ; Off                ; Off                ;
; Ignore GLOBAL Buffers                                            ; Off                ; Off                ;
; Ignore ROW GLOBAL Buffers                                        ; Off                ; Off                ;
; Ignore LCELL Buffers                                             ; Off                ; Off                ;
; Ignore SOFT Buffers                                              ; On                 ; On                 ;
; Limit AHDL Integers to 32 Bits                                   ; Off                ; Off                ;
; Optimization Technique                                           ; Balanced           ; Balanced           ;
; Carry Chain Length                                               ; 70                 ; 70                 ;
; Auto Carry Chains                                                ; On                 ; On                 ;
; Auto Open-Drain Pins                                             ; On                 ; On                 ;
; Perform WYSIWYG Primitive Resynthesis                            ; Off                ; Off                ;
; Auto ROM Replacement                                             ; On                 ; On                 ;
; Auto RAM Replacement                                             ; On                 ; On                 ;
; Auto DSP Block Replacement                                       ; On                 ; On                 ;
; Auto Shift Register Replacement                                  ; Auto               ; Auto               ;
; Allow Shift Register Merging across Hierarchies                  ; Auto               ; Auto               ;
; Auto Clock Enable Replacement                                    ; On                 ; On                 ;
; Strict RAM Replacement                                           ; Off                ; Off                ;
; Allow Synchronous Control Signals                                ; On                 ; On                 ;
; Force Use of Synchronous Clear Signals                           ; Off                ; Off                ;
; Auto RAM Block Balancing                                         ; On                 ; On                 ;
; Auto RAM to Logic Cell Conversion                                ; Off                ; Off                ;
; Auto Resource Sharing                                            ; Off                ; Off                ;
; Allow Any RAM Size For Recognition                               ; Off                ; Off                ;
; Allow Any ROM Size For Recognition                               ; Off                ; Off                ;
; Allow Any Shift Register Size For Recognition                    ; Off                ; Off                ;
; Use LogicLock Constraints during Resource Balancing              ; On                 ; On                 ;
; Ignore translate_off and synthesis_off directives                ; Off                ; Off                ;
; Timing-Driven Synthesis                                          ; On                 ; On                 ;
; Report Parameter Settings                                        ; On                 ; On                 ;
; Report Source Assignments                                        ; On                 ; On                 ;
; Report Connectivity Checks                                       ; On                 ; On                 ;
; Ignore Maximum Fan-Out Assignments                               ; Off                ; Off                ;
; Synchronization Register Chain Length                            ; 2                  ; 2                  ;
; Power Optimization During Synthesis                              ; Normal compilation ; Normal compilation ;
; HDL message level                                                ; Level2             ; Level2             ;
; Suppress Register Optimization Related Messages                  ; Off                ; Off                ;
; Number of Removed Registers Reported in Synthesis Report         ; 5000               ; 5000               ;
; Number of Swept Nodes Reported in Synthesis Report               ; 5000               ; 5000               ;
; Number of Inverted Registers Reported in Synthesis Report        ; 100                ; 100                ;
; Clock MUX Protection                                             ; On                 ; On                 ;
; Auto Gated Clock Conversion                                      ; Off                ; Off                ;
; Block Design Naming                                              ; Auto               ; Auto               ;
; SDC constraint protection                                        ; Off                ; Off                ;
; Synthesis Effort                                                 ; Auto               ; Auto               ;
; Shift Register Replacement - Allow Asynchronous Clear Signal     ; On                 ; On                 ;
; Pre-Mapping Resynthesis Optimization                             ; Off                ; Off                ;
; Analysis & Synthesis Message Level                               ; Medium             ; Medium             ;
; Disable Register Merging Across Hierarchies                      ; Auto               ; Auto               ;
; Resource Aware Inference For Block RAM                           ; On                 ; On                 ;
+------------------------------------------------------------------+--------------------+--------------------+


+------------------------------------------+
; Parallel Compilation                     ;
+----------------------------+-------------+
; Processors                 ; Number      ;
+----------------------------+-------------+
; Number detected on machine ; 8           ;
; Maximum allowed            ; 4           ;
;                            ;             ;
; Average used               ; 1.00        ;
; Maximum used               ; 4           ;
;                            ;             ;
; Usage by Processor         ; % Time Used ;
;     Processor 1            ; 100.0%      ;
;     Processors 2-4         ;   0.0%      ;
+----------------------------+-------------+


+------------------------------------------------------------------------------------------------------------------------------------------------------------------------------------------------------------------------------+
; Analysis & Synthesis Source Files Read                                                                                                                                                                                       ;
+------------------------------------------+-----------------+------------------------+------------------------------------------------------------------------------------------------------------------------------+---------+
; File Name with User-Entered Path         ; Used in Netlist ; File Type              ; File Name with Absolute Path                                                                                                 ; Library ;
+------------------------------------------+-----------------+------------------------+------------------------------------------------------------------------------------------------------------------------------+---------+
; encoder/nivel3/contador_7_n_reciclavel.v ; yes             ; User Verilog HDL File  ; C:/Users/mathe/OneDrive - UFPE/Documentos/Faculdade/2o periodo/SD/monitoria/quartus/encoder/nivel3/contador_7_n_reciclavel.v ;         ;
; encoder/nivel3/divide_freq.v             ; yes             ; User Verilog HDL File  ; C:/Users/mathe/OneDrive - UFPE/Documentos/Faculdade/2o periodo/SD/monitoria/quartus/encoder/nivel3/divide_freq.v             ;         ;
; encoder/nivel3/mux_2_to_1.v              ; yes             ; User Verilog HDL File  ; C:/Users/mathe/OneDrive - UFPE/Documentos/Faculdade/2o periodo/SD/monitoria/quartus/encoder/nivel3/mux_2_to_1.v              ;         ;
; encoder/nivel3/priority_encoder.v        ; yes             ; User Verilog HDL File  ; C:/Users/mathe/OneDrive - UFPE/Documentos/Faculdade/2o periodo/SD/monitoria/quartus/encoder/nivel3/priority_encoder.v        ;         ;
; encoder/encoder.v                        ; yes             ; User Verilog HDL File  ; C:/Users/mathe/OneDrive - UFPE/Documentos/Faculdade/2o periodo/SD/monitoria/quartus/encoder/encoder.v                        ;         ;
; decoder/decoder_7.v                      ; yes             ; User Verilog HDL File  ; C:/Users/mathe/OneDrive - UFPE/Documentos/Faculdade/2o periodo/SD/monitoria/quartus/decoder/decoder_7.v                      ;         ;
; timer/nivel3/Counter_mod_6.v             ; yes             ; User Verilog HDL File  ; C:/Users/mathe/OneDrive - UFPE/Documentos/Faculdade/2o periodo/SD/monitoria/quartus/timer/nivel3/Counter_mod_6.v             ;         ;
; timer/nivel3/Counter_mod_10.v            ; yes             ; User Verilog HDL File  ; C:/Users/mathe/OneDrive - UFPE/Documentos/Faculdade/2o periodo/SD/monitoria/quartus/timer/nivel3/Counter_mod_10.v            ;         ;
; timer/nivel3/Counter_mod_10_min.v        ; yes             ; User Verilog HDL File  ; C:/Users/mathe/OneDrive - UFPE/Documentos/Faculdade/2o periodo/SD/monitoria/quartus/timer/nivel3/Counter_mod_10_min.v        ;         ;
; timer/timer.v                            ; yes             ; User Verilog HDL File  ; C:/Users/mathe/OneDrive - UFPE/Documentos/Faculdade/2o periodo/SD/monitoria/quartus/timer/timer.v                            ;         ;
; magnetron/nivel3/latch_SR.v              ; yes             ; User Verilog HDL File  ; C:/Users/mathe/OneDrive - UFPE/Documentos/Faculdade/2o periodo/SD/monitoria/quartus/magnetron/nivel3/latch_SR.v              ;         ;
; magnetron/logica_mag.v                   ; yes             ; User Verilog HDL File  ; C:/Users/mathe/OneDrive - UFPE/Documentos/Faculdade/2o periodo/SD/monitoria/quartus/magnetron/logica_mag.v                   ;         ;
; magnetron/controle_magnetron.v           ; yes             ; User Verilog HDL File  ; C:/Users/mathe/OneDrive - UFPE/Documentos/Faculdade/2o periodo/SD/monitoria/quartus/magnetron/controle_magnetron.v           ;         ;
; microwave.v                              ; yes             ; User Verilog HDL File  ; C:/Users/mathe/OneDrive - UFPE/Documentos/Faculdade/2o periodo/SD/monitoria/quartus/microwave.v                              ;         ;
+------------------------------------------+-----------------+------------------------+------------------------------------------------------------------------------------------------------------------------------+---------+


+----------------------------------------------------------------------------------------------------------+
; Analysis & Synthesis Resource Usage Summary                                                              ;
+---------------------------------------------+------------------------------------------------------------+
; Resource                                    ; Usage                                                      ;
+---------------------------------------------+------------------------------------------------------------+
; Estimated Total logic elements              ; 85                                                         ;
;                                             ;                                                            ;
; Total combinational functions               ; 85                                                         ;
; Logic element usage by number of LUT inputs ;                                                            ;
;     -- 4 input functions                    ; 44                                                         ;
;     -- 3 input functions                    ; 27                                                         ;
;     -- <=2 input functions                  ; 14                                                         ;
;                                             ;                                                            ;
; Logic elements by mode                      ;                                                            ;
;     -- normal mode                          ; 82                                                         ;
;     -- arithmetic mode                      ; 3                                                          ;
;                                             ;                                                            ;
; Total registers                             ; 17                                                         ;
;     -- Dedicated logic registers            ; 17                                                         ;
;     -- I/O registers                        ; 0                                                          ;
;                                             ;                                                            ;
; I/O pins                                    ; 37                                                         ;
;                                             ;                                                            ;
; Embedded Multiplier 9-bit elements          ; 0                                                          ;
;                                             ;                                                            ;
; Maximum fan-out node                        ; encoder:enc|priority_encoder:codificador_prioritario|loadn ;
; Maximum fan-out                             ; 17                                                         ;
; Total fan-out                               ; 413                                                        ;
; Average fan-out                             ; 2.35                                                       ;
+---------------------------------------------+------------------------------------------------------------+


+----------------------------------------------------------------------------------------------------------------------------------------------------------------------------------------------------------------------------------------------------------------------------------------+
; Analysis & Synthesis Resource Utilization by Entity                                                                                                                                                                                                                                    ;
+--------------------------------------------------+---------------------+---------------------------+-------------+--------------+---------+-----------+------+--------------+-----------------------------------------------------------------+-------------------------+--------------+
; Compilation Hierarchy Node                       ; Combinational ALUTs ; Dedicated Logic Registers ; Memory Bits ; DSP Elements ; DSP 9x9 ; DSP 18x18 ; Pins ; Virtual Pins ; Full Hierarchy Name                                             ; Entity Name             ; Library Name ;
+--------------------------------------------------+---------------------+---------------------------+-------------+--------------+---------+-----------+------+--------------+-----------------------------------------------------------------+-------------------------+--------------+
; |microwave                                       ; 85 (0)              ; 17 (0)                    ; 0           ; 0            ; 0       ; 0         ; 37   ; 0            ; |microwave                                                      ; microwave               ; work         ;
;    |controle_magnetron:controller|               ; 8 (0)               ; 0 (0)                     ; 0           ; 0            ; 0       ; 0         ; 0    ; 0            ; |microwave|controle_magnetron:controller                        ; controle_magnetron      ; work         ;
;       |latch_SR:latch|                           ; 3 (3)               ; 0 (0)                     ; 0           ; 0            ; 0       ; 0         ; 0    ; 0            ; |microwave|controle_magnetron:controller|latch_SR:latch         ; latch_SR                ; work         ;
;       |logica_mag:logica|                        ; 5 (5)               ; 0 (0)                     ; 0           ; 0            ; 0       ; 0         ; 0    ; 0            ; |microwave|controle_magnetron:controller|logica_mag:logica      ; logica_mag              ; work         ;
;    |decoder_7:dec|                               ; 24 (24)             ; 0 (0)                     ; 0           ; 0            ; 0       ; 0         ; 0    ; 0            ; |microwave|decoder_7:dec                                        ; decoder_7               ; work         ;
;    |encoder:enc|                                 ; 20 (0)              ; 4 (0)                     ; 0           ; 0            ; 0       ; 0         ; 0    ; 0            ; |microwave|encoder:enc                                          ; encoder                 ; work         ;
;       |contador_7_n_reciclavel:Atraso|           ; 4 (4)               ; 4 (4)                     ; 0           ; 0            ; 0       ; 0         ; 0    ; 0            ; |microwave|encoder:enc|contador_7_n_reciclavel:Atraso           ; contador_7_n_reciclavel ; work         ;
;       |mux_2_to_1:MUX|                           ; 1 (1)               ; 0 (0)                     ; 0           ; 0            ; 0       ; 0         ; 0    ; 0            ; |microwave|encoder:enc|mux_2_to_1:MUX                           ; mux_2_to_1              ; work         ;
;       |priority_encoder:codificador_prioritario| ; 15 (15)             ; 0 (0)                     ; 0           ; 0            ; 0       ; 0         ; 0    ; 0            ; |microwave|encoder:enc|priority_encoder:codificador_prioritario ; priority_encoder        ; work         ;
;    |timer:timer|                                 ; 33 (0)              ; 13 (0)                    ; 0           ; 0            ; 0       ; 0         ; 0    ; 0            ; |microwave|timer:timer                                          ; timer                   ; work         ;
;       |Counter_mod_10:sec_unit|                  ; 8 (8)               ; 4 (4)                     ; 0           ; 0            ; 0       ; 0         ; 0    ; 0            ; |microwave|timer:timer|Counter_mod_10:sec_unit                  ; Counter_mod_10          ; work         ;
;       |Counter_mod_10_min:minutes|               ; 11 (11)             ; 4 (4)                     ; 0           ; 0            ; 0       ; 0         ; 0    ; 0            ; |microwave|timer:timer|Counter_mod_10_min:minutes               ; Counter_mod_10_min      ; work         ;
;       |Counter_mod_6:dez_unit|                   ; 14 (14)             ; 5 (5)                     ; 0           ; 0            ; 0       ; 0         ; 0    ; 0            ; |microwave|timer:timer|Counter_mod_6:dez_unit                   ; Counter_mod_6           ; work         ;
+--------------------------------------------------+---------------------+---------------------------+-------------+--------------+---------+-----------+------+--------------+-----------------------------------------------------------------+-------------------------+--------------+
Note: For table entries with two numbers listed, the numbers in parentheses indicate the number of resources of the given type used by the specific entity alone. The numbers listed outside of parentheses indicate the total resources of the given type used by the specific entity and all of its sub-entities in the hierarchy.


+--------------------------------------------------------------------------------------------------------------------------------------------+
; User-Specified and Inferred Latches                                                                                                        ;
+------------------------------------------------------------------+------------------------------------------------+------------------------+
; Latch Name                                                       ; Latch Enable Signal                            ; Free of Timing Hazards ;
+------------------------------------------------------------------+------------------------------------------------+------------------------+
; controle_magnetron:controller|latch_SR:latch|Q                   ; controle_magnetron:controller|latch_SR:latch|Q ; yes                    ;
; encoder:enc|priority_encoder:codificador_prioritario|saidaBCD[0] ; controle_magnetron:controller|latch_SR:latch|Q ; yes                    ;
; encoder:enc|priority_encoder:codificador_prioritario|saidaBCD[3] ; controle_magnetron:controller|latch_SR:latch|Q ; yes                    ;
; encoder:enc|priority_encoder:codificador_prioritario|saidaBCD[2] ; controle_magnetron:controller|latch_SR:latch|Q ; yes                    ;
; encoder:enc|priority_encoder:codificador_prioritario|saidaBCD[1] ; controle_magnetron:controller|latch_SR:latch|Q ; yes                    ;
; controle_magnetron:controller|logica_mag:logica|R                ; GND                                            ; yes                    ;
; controle_magnetron:controller|logica_mag:logica|S                ; GND                                            ; yes                    ;
; Number of user-specified and inferred latches = 7                ;                                                ;                        ;
+------------------------------------------------------------------+------------------------------------------------+------------------------+
Note: All latches listed above may not be present at the end of synthesis due to various synthesis optimizations.


+---------------------------------------------------------------------------------------+
; Registers Removed During Synthesis                                                    ;
+----------------------------------------------+----------------------------------------+
; Register name                                ; Reason for Removal                     ;
+----------------------------------------------+----------------------------------------+
; encoder:enc|divide_freq:dividido_por_100|Hz1 ; Stuck at GND due to stuck port data_in ;
; Total Number of Removed Registers = 1        ;                                        ;
+----------------------------------------------+----------------------------------------+


+------------------------------------------------------+
; General Register Statistics                          ;
+----------------------------------------------+-------+
; Statistic                                    ; Value ;
+----------------------------------------------+-------+
; Total registers                              ; 17    ;
; Number of registers using Synchronous Clear  ; 0     ;
; Number of registers using Synchronous Load   ; 5     ;
; Number of registers using Asynchronous Clear ; 16    ;
; Number of registers using Asynchronous Load  ; 0     ;
; Number of registers using Clock Enable       ; 11    ;
; Number of registers using Preset             ; 0     ;
+----------------------------------------------+-------+


+-------------------------------------------------------------------------------------------------------------------------------------------------------------------------+
; Multiplexer Restructuring Statistics (Restructuring Performed)                                                                                                          ;
+--------------------+-----------+---------------+----------------------+------------------------+------------+-----------------------------------------------------------+
; Multiplexer Inputs ; Bus Width ; Baseline Area ; Area if Restructured ; Saving if Restructured ; Registered ; Example Multiplexer Output                                ;
+--------------------+-----------+---------------+----------------------+------------------------+------------+-----------------------------------------------------------+
; 4:1                ; 4 bits    ; 8 LEs         ; 8 LEs                ; 0 LEs                  ; Yes        ; |microwave|timer:timer|Counter_mod_10:sec_unit|ones[0]    ;
; 4:1                ; 4 bits    ; 8 LEs         ; 8 LEs                ; 0 LEs                  ; Yes        ; |microwave|timer:timer|Counter_mod_10_min:minutes|ones[2] ;
; 5:1                ; 3 bits    ; 9 LEs         ; 6 LEs                ; 3 LEs                  ; Yes        ; |microwave|timer:timer|Counter_mod_6:dez_unit|tens[2]     ;
; 5:1                ; 3 bits    ; 9 LEs         ; 6 LEs                ; 3 LEs                  ; No         ; |microwave|decoder_7:dec|sec_ones_segs[1]                 ;
; 5:1                ; 3 bits    ; 9 LEs         ; 6 LEs                ; 3 LEs                  ; No         ; |microwave|decoder_7:dec|sec_tens_segs[1]                 ;
; 5:1                ; 3 bits    ; 9 LEs         ; 6 LEs                ; 3 LEs                  ; No         ; |microwave|decoder_7:dec|mins_segs[6]                     ;
+--------------------+-----------+---------------+----------------------+------------------------+------------+-----------------------------------------------------------+


+---------------------------------------------------------------------------------------+
; Parameter Settings for User Entity Instance: encoder:enc|divide_freq:dividido_por_100 ;
+----------------+----------------------------+-----------------------------------------+
; Parameter Name ; Value                      ; Type                                    ;
+----------------+----------------------------+-----------------------------------------+
; DIVISOR        ; 10111110101111000010000000 ; Unsigned Binary                         ;
+----------------+----------------------------+-----------------------------------------+
Note: In order to hide this table in the UI and the text report file, please set the "Show Parameter Settings in Synthesis Report" option in "Analysis and Synthesis Settings -> More Settings" to "Off".


+----------------------------------------------------------------------------------------------------------------+
; Port Connectivity Checks: "timer:timer|Counter_mod_10_min:minutes"                                             ;
+------+--------+----------+-------------------------------------------------------------------------------------+
; Port ; Type   ; Severity ; Details                                                                             ;
+------+--------+----------+-------------------------------------------------------------------------------------+
; tc   ; Output ; Info     ; Connected to dangling logic. Logic that only feeds a dangling port will be removed. ;
+------+--------+----------+-------------------------------------------------------------------------------------+


+-----------------------------------------------------+
; Post-Synthesis Netlist Statistics for Top Partition ;
+-----------------------+-----------------------------+
; Type                  ; Count                       ;
+-----------------------+-----------------------------+
; boundary_port         ; 37                          ;
; cycloneiii_ff         ; 17                          ;
;     CLR               ; 5                           ;
;     ENA CLR           ; 6                           ;
;     ENA CLR SLD       ; 5                           ;
;     plain             ; 1                           ;
; cycloneiii_lcell_comb ; 88                          ;
;     arith             ; 3                           ;
;         2 data inputs ; 2                           ;
;         3 data inputs ; 1                           ;
;     normal            ; 85                          ;
;         1 data inputs ; 5                           ;
;         2 data inputs ; 10                          ;
;         3 data inputs ; 26                          ;
;         4 data inputs ; 44                          ;
;                       ;                             ;
; Max LUT depth         ; 4.00                        ;
; Average LUT depth     ; 2.48                        ;
+-----------------------+-----------------------------+


+-------------------------------+
; Elapsed Time Per Partition    ;
+----------------+--------------+
; Partition Name ; Elapsed Time ;
+----------------+--------------+
; Top            ; 00:00:00     ;
+----------------+--------------+


+-------------------------------+
; Analysis & Synthesis Messages ;
+-------------------------------+
Info: *******************************************************************
Info: Running Quartus Prime Analysis & Synthesis
    Info: Version 21.1.1 Build 850 06/23/2022 SJ Lite Edition
    Info: Processing started: Thu Oct 13 16:55:36 2022
Info: Command: quartus_map --read_settings_files=on --write_settings_files=off microwave -c microwave
Warning (18236): Number of processors has not been specified which may cause overloading on shared machines.  Set the global assignment NUM_PARALLEL_PROCESSORS in your QSF to an appropriate value for best performance.
Info (20030): Parallel compilation is enabled and will use 4 of the 4 processors detected
Info (12021): Found 1 design units, including 1 entities, in source file encoder/nivel3/contador_7_n_reciclavel.v
    Info (12023): Found entity 1: contador_7_n_reciclavel File: C:/Users/mathe/OneDrive - UFPE/Documentos/Faculdade/2o periodo/SD/monitoria/quartus/encoder/nivel3/contador_7_n_reciclavel.v Line: 1
Info (12021): Found 1 design units, including 1 entities, in source file encoder/nivel3/divide_freq.v
    Info (12023): Found entity 1: divide_freq File: C:/Users/mathe/OneDrive - UFPE/Documentos/Faculdade/2o periodo/SD/monitoria/quartus/encoder/nivel3/divide_freq.v Line: 1
Info (12021): Found 1 design units, including 1 entities, in source file encoder/nivel3/mux_2_to_1.v
    Info (12023): Found entity 1: mux_2_to_1 File: C:/Users/mathe/OneDrive - UFPE/Documentos/Faculdade/2o periodo/SD/monitoria/quartus/encoder/nivel3/mux_2_to_1.v Line: 1
Info (12021): Found 1 design units, including 1 entities, in source file encoder/nivel3/priority_encoder.v
    Info (12023): Found entity 1: priority_encoder File: C:/Users/mathe/OneDrive - UFPE/Documentos/Faculdade/2o periodo/SD/monitoria/quartus/encoder/nivel3/priority_encoder.v Line: 1
Info (12021): Found 1 design units, including 1 entities, in source file encoder/encoder.v
    Info (12023): Found entity 1: encoder File: C:/Users/mathe/OneDrive - UFPE/Documentos/Faculdade/2o periodo/SD/monitoria/quartus/encoder/encoder.v Line: 1
Info (12021): Found 1 design units, including 1 entities, in source file decoder/decoder_7.v
    Info (12023): Found entity 1: decoder_7 File: C:/Users/mathe/OneDrive - UFPE/Documentos/Faculdade/2o periodo/SD/monitoria/quartus/decoder/decoder_7.v Line: 1
Info (12021): Found 1 design units, including 1 entities, in source file timer/nivel3/counter_mod_6.v
    Info (12023): Found entity 1: Counter_mod_6 File: C:/Users/mathe/OneDrive - UFPE/Documentos/Faculdade/2o periodo/SD/monitoria/quartus/timer/nivel3/Counter_mod_6.v Line: 1
Info (12021): Found 1 design units, including 1 entities, in source file timer/nivel3/counter_mod_10.v
    Info (12023): Found entity 1: Counter_mod_10 File: C:/Users/mathe/OneDrive - UFPE/Documentos/Faculdade/2o periodo/SD/monitoria/quartus/timer/nivel3/Counter_mod_10.v Line: 1
Info (12021): Found 1 design units, including 1 entities, in source file timer/nivel3/counter_mod_10_min.v
    Info (12023): Found entity 1: Counter_mod_10_min File: C:/Users/mathe/OneDrive - UFPE/Documentos/Faculdade/2o periodo/SD/monitoria/quartus/timer/nivel3/Counter_mod_10_min.v Line: 1
Info (12021): Found 1 design units, including 1 entities, in source file timer/timer.v
    Info (12023): Found entity 1: timer File: C:/Users/mathe/OneDrive - UFPE/Documentos/Faculdade/2o periodo/SD/monitoria/quartus/timer/timer.v Line: 1
Info (12021): Found 1 design units, including 1 entities, in source file magnetron/nivel3/latch_sr.v
    Info (12023): Found entity 1: latch_SR File: C:/Users/mathe/OneDrive - UFPE/Documentos/Faculdade/2o periodo/SD/monitoria/quartus/magnetron/nivel3/latch_SR.v Line: 1
Info (12021): Found 1 design units, including 1 entities, in source file magnetron/logica_mag.v
    Info (12023): Found entity 1: logica_mag File: C:/Users/mathe/OneDrive - UFPE/Documentos/Faculdade/2o periodo/SD/monitoria/quartus/magnetron/logica_mag.v Line: 1
Info (12021): Found 1 design units, including 1 entities, in source file magnetron/controle_magnetron.v
    Info (12023): Found entity 1: controle_magnetron File: C:/Users/mathe/OneDrive - UFPE/Documentos/Faculdade/2o periodo/SD/monitoria/quartus/magnetron/controle_magnetron.v Line: 1
Info (12021): Found 1 design units, including 1 entities, in source file microwave.v
    Info (12023): Found entity 1: microwave File: C:/Users/mathe/OneDrive - UFPE/Documentos/Faculdade/2o periodo/SD/monitoria/quartus/microwave.v Line: 1
Warning (10236): Verilog HDL Implicit Net warning at encoder.v(13): created implicit net for "Hz_1_clock" File: C:/Users/mathe/OneDrive - UFPE/Documentos/Faculdade/2o periodo/SD/monitoria/quartus/encoder/encoder.v Line: 13
Info (12127): Elaborating entity "microwave" for the top level hierarchy
Info (12128): Elaborating entity "controle_magnetron" for hierarchy "controle_magnetron:controller" File: C:/Users/mathe/OneDrive - UFPE/Documentos/Faculdade/2o periodo/SD/monitoria/quartus/microwave.v Line: 12
Info (12128): Elaborating entity "logica_mag" for hierarchy "controle_magnetron:controller|logica_mag:logica" File: C:/Users/mathe/OneDrive - UFPE/Documentos/Faculdade/2o periodo/SD/monitoria/quartus/magnetron/controle_magnetron.v Line: 7
Warning (10240): Verilog HDL Always Construct warning at logica_mag.v(6): inferring latch(es) for variable "S", which holds its previous value in one or more paths through the always construct File: C:/Users/mathe/OneDrive - UFPE/Documentos/Faculdade/2o periodo/SD/monitoria/quartus/magnetron/logica_mag.v Line: 6
Warning (10240): Verilog HDL Always Construct warning at logica_mag.v(6): inferring latch(es) for variable "R", which holds its previous value in one or more paths through the always construct File: C:/Users/mathe/OneDrive - UFPE/Documentos/Faculdade/2o periodo/SD/monitoria/quartus/magnetron/logica_mag.v Line: 6
Info (10041): Inferred latch for "R" at logica_mag.v(13) File: C:/Users/mathe/OneDrive - UFPE/Documentos/Faculdade/2o periodo/SD/monitoria/quartus/magnetron/logica_mag.v Line: 13
Info (10041): Inferred latch for "S" at logica_mag.v(13) File: C:/Users/mathe/OneDrive - UFPE/Documentos/Faculdade/2o periodo/SD/monitoria/quartus/magnetron/logica_mag.v Line: 13
Info (12128): Elaborating entity "latch_SR" for hierarchy "controle_magnetron:controller|latch_SR:latch" File: C:/Users/mathe/OneDrive - UFPE/Documentos/Faculdade/2o periodo/SD/monitoria/quartus/magnetron/controle_magnetron.v Line: 9
Warning (10235): Verilog HDL Always Construct warning at latch_SR.v(12): variable "Q" is read inside the Always Construct but isn't in the Always Construct's Event Control File: C:/Users/mathe/OneDrive - UFPE/Documentos/Faculdade/2o periodo/SD/monitoria/quartus/magnetron/nivel3/latch_SR.v Line: 12
Warning (10240): Verilog HDL Always Construct warning at latch_SR.v(9): inferring latch(es) for variable "Q", which holds its previous value in one or more paths through the always construct File: C:/Users/mathe/OneDrive - UFPE/Documentos/Faculdade/2o periodo/SD/monitoria/quartus/magnetron/nivel3/latch_SR.v Line: 9
Info (10041): Inferred latch for "Q" at latch_SR.v(9) File: C:/Users/mathe/OneDrive - UFPE/Documentos/Faculdade/2o periodo/SD/monitoria/quartus/magnetron/nivel3/latch_SR.v Line: 9
Info (12128): Elaborating entity "encoder" for hierarchy "encoder:enc" File: C:/Users/mathe/OneDrive - UFPE/Documentos/Faculdade/2o periodo/SD/monitoria/quartus/microwave.v Line: 14
Info (12128): Elaborating entity "priority_encoder" for hierarchy "encoder:enc|priority_encoder:codificador_prioritario" File: C:/Users/mathe/OneDrive - UFPE/Documentos/Faculdade/2o periodo/SD/monitoria/quartus/encoder/encoder.v Line: 11
Warning (10235): Verilog HDL Always Construct warning at priority_encoder.v(25): variable "enablen" is read inside the Always Construct but isn't in the Always Construct's Event Control File: C:/Users/mathe/OneDrive - UFPE/Documentos/Faculdade/2o periodo/SD/monitoria/quartus/encoder/nivel3/priority_encoder.v Line: 25
Warning (10240): Verilog HDL Always Construct warning at priority_encoder.v(23): inferring latch(es) for variable "saidaBCD", which holds its previous value in one or more paths through the always construct File: C:/Users/mathe/OneDrive - UFPE/Documentos/Faculdade/2o periodo/SD/monitoria/quartus/encoder/nivel3/priority_encoder.v Line: 23
Info (10041): Inferred latch for "saidaBCD[0]" at priority_encoder.v(25) File: C:/Users/mathe/OneDrive - UFPE/Documentos/Faculdade/2o periodo/SD/monitoria/quartus/encoder/nivel3/priority_encoder.v Line: 25
Info (10041): Inferred latch for "saidaBCD[1]" at priority_encoder.v(25) File: C:/Users/mathe/OneDrive - UFPE/Documentos/Faculdade/2o periodo/SD/monitoria/quartus/encoder/nivel3/priority_encoder.v Line: 25
Info (10041): Inferred latch for "saidaBCD[2]" at priority_encoder.v(25) File: C:/Users/mathe/OneDrive - UFPE/Documentos/Faculdade/2o periodo/SD/monitoria/quartus/encoder/nivel3/priority_encoder.v Line: 25
Info (10041): Inferred latch for "saidaBCD[3]" at priority_encoder.v(25) File: C:/Users/mathe/OneDrive - UFPE/Documentos/Faculdade/2o periodo/SD/monitoria/quartus/encoder/nivel3/priority_encoder.v Line: 25
Info (12128): Elaborating entity "divide_freq" for hierarchy "encoder:enc|divide_freq:dividido_por_100" File: C:/Users/mathe/OneDrive - UFPE/Documentos/Faculdade/2o periodo/SD/monitoria/quartus/encoder/encoder.v Line: 13
Warning (10230): Verilog HDL assignment warning at divide_freq.v(4): truncated value with size 26 to match size of target (7) File: C:/Users/mathe/OneDrive - UFPE/Documentos/Faculdade/2o periodo/SD/monitoria/quartus/encoder/nivel3/divide_freq.v Line: 4
Warning (10230): Verilog HDL assignment warning at divide_freq.v(13): truncated value with size 32 to match size of target (7) File: C:/Users/mathe/OneDrive - UFPE/Documentos/Faculdade/2o periodo/SD/monitoria/quartus/encoder/nivel3/divide_freq.v Line: 13
Info (12128): Elaborating entity "contador_7_n_reciclavel" for hierarchy "encoder:enc|contador_7_n_reciclavel:Atraso" File: C:/Users/mathe/OneDrive - UFPE/Documentos/Faculdade/2o periodo/SD/monitoria/quartus/encoder/encoder.v Line: 15
Warning (10230): Verilog HDL assignment warning at contador_7_n_reciclavel.v(25): truncated value with size 32 to match size of target (3) File: C:/Users/mathe/OneDrive - UFPE/Documentos/Faculdade/2o periodo/SD/monitoria/quartus/encoder/nivel3/contador_7_n_reciclavel.v Line: 25
Info (12128): Elaborating entity "mux_2_to_1" for hierarchy "encoder:enc|mux_2_to_1:MUX" File: C:/Users/mathe/OneDrive - UFPE/Documentos/Faculdade/2o periodo/SD/monitoria/quartus/encoder/encoder.v Line: 17
Info (12128): Elaborating entity "timer" for hierarchy "timer:timer" File: C:/Users/mathe/OneDrive - UFPE/Documentos/Faculdade/2o periodo/SD/monitoria/quartus/microwave.v Line: 16
Info (12128): Elaborating entity "Counter_mod_10" for hierarchy "timer:timer|Counter_mod_10:sec_unit" File: C:/Users/mathe/OneDrive - UFPE/Documentos/Faculdade/2o periodo/SD/monitoria/quartus/timer/timer.v Line: 14
Warning (10230): Verilog HDL assignment warning at Counter_mod_10.v(10): truncated value with size 32 to match size of target (1) File: C:/Users/mathe/OneDrive - UFPE/Documentos/Faculdade/2o periodo/SD/monitoria/quartus/timer/nivel3/Counter_mod_10.v Line: 10
Warning (10230): Verilog HDL assignment warning at Counter_mod_10.v(12): truncated value with size 32 to match size of target (1) File: C:/Users/mathe/OneDrive - UFPE/Documentos/Faculdade/2o periodo/SD/monitoria/quartus/timer/nivel3/Counter_mod_10.v Line: 12
Warning (10230): Verilog HDL assignment warning at Counter_mod_10.v(29): truncated value with size 32 to match size of target (4) File: C:/Users/mathe/OneDrive - UFPE/Documentos/Faculdade/2o periodo/SD/monitoria/quartus/timer/nivel3/Counter_mod_10.v Line: 29
Info (12128): Elaborating entity "Counter_mod_6" for hierarchy "timer:timer|Counter_mod_6:dez_unit" File: C:/Users/mathe/OneDrive - UFPE/Documentos/Faculdade/2o periodo/SD/monitoria/quartus/timer/timer.v Line: 16
Warning (10230): Verilog HDL assignment warning at Counter_mod_6.v(16): truncated value with size 32 to match size of target (1) File: C:/Users/mathe/OneDrive - UFPE/Documentos/Faculdade/2o periodo/SD/monitoria/quartus/timer/nivel3/Counter_mod_6.v Line: 16
Warning (10230): Verilog HDL assignment warning at Counter_mod_6.v(18): truncated value with size 32 to match size of target (1) File: C:/Users/mathe/OneDrive - UFPE/Documentos/Faculdade/2o periodo/SD/monitoria/quartus/timer/nivel3/Counter_mod_6.v Line: 18
Warning (10230): Verilog HDL assignment warning at Counter_mod_6.v(31): truncated value with size 32 to match size of target (4) File: C:/Users/mathe/OneDrive - UFPE/Documentos/Faculdade/2o periodo/SD/monitoria/quartus/timer/nivel3/Counter_mod_6.v Line: 31
Warning (10230): Verilog HDL assignment warning at Counter_mod_6.v(45): truncated value with size 32 to match size of target (4) File: C:/Users/mathe/OneDrive - UFPE/Documentos/Faculdade/2o periodo/SD/monitoria/quartus/timer/nivel3/Counter_mod_6.v Line: 45
Info (12128): Elaborating entity "Counter_mod_10_min" for hierarchy "timer:timer|Counter_mod_10_min:minutes" File: C:/Users/mathe/OneDrive - UFPE/Documentos/Faculdade/2o periodo/SD/monitoria/quartus/timer/timer.v Line: 18
Warning (10230): Verilog HDL assignment warning at Counter_mod_10_min.v(10): truncated value with size 32 to match size of target (1) File: C:/Users/mathe/OneDrive - UFPE/Documentos/Faculdade/2o periodo/SD/monitoria/quartus/timer/nivel3/Counter_mod_10_min.v Line: 10
Warning (10230): Verilog HDL assignment warning at Counter_mod_10_min.v(11): truncated value with size 32 to match size of target (1) File: C:/Users/mathe/OneDrive - UFPE/Documentos/Faculdade/2o periodo/SD/monitoria/quartus/timer/nivel3/Counter_mod_10_min.v Line: 11
Warning (10230): Verilog HDL assignment warning at Counter_mod_10_min.v(24): truncated value with size 32 to match size of target (4) File: C:/Users/mathe/OneDrive - UFPE/Documentos/Faculdade/2o periodo/SD/monitoria/quartus/timer/nivel3/Counter_mod_10_min.v Line: 24
Warning (10230): Verilog HDL assignment warning at Counter_mod_10_min.v(36): truncated value with size 32 to match size of target (4) File: C:/Users/mathe/OneDrive - UFPE/Documentos/Faculdade/2o periodo/SD/monitoria/quartus/timer/nivel3/Counter_mod_10_min.v Line: 36
Info (12128): Elaborating entity "decoder_7" for hierarchy "decoder_7:dec" File: C:/Users/mathe/OneDrive - UFPE/Documentos/Faculdade/2o periodo/SD/monitoria/quartus/microwave.v Line: 18
Warning (10230): Verilog HDL assignment warning at decoder_7.v(13): truncated value with size 8 to match size of target (7) File: C:/Users/mathe/OneDrive - UFPE/Documentos/Faculdade/2o periodo/SD/monitoria/quartus/decoder/decoder_7.v Line: 13
Warning (10230): Verilog HDL assignment warning at decoder_7.v(26): truncated value with size 8 to match size of target (7) File: C:/Users/mathe/OneDrive - UFPE/Documentos/Faculdade/2o periodo/SD/monitoria/quartus/decoder/decoder_7.v Line: 26
Warning (10230): Verilog HDL assignment warning at decoder_7.v(38): truncated value with size 8 to match size of target (7) File: C:/Users/mathe/OneDrive - UFPE/Documentos/Faculdade/2o periodo/SD/monitoria/quartus/decoder/decoder_7.v Line: 38
Warning (13012): Latch controle_magnetron:controller|latch_SR:latch|Q has unsafe behavior File: C:/Users/mathe/OneDrive - UFPE/Documentos/Faculdade/2o periodo/SD/monitoria/quartus/magnetron/nivel3/latch_SR.v Line: 2
    Warning (13013): Ports D and ENA on the latch are fed by the same signal controle_magnetron:controller|logica_mag:logica|R File: C:/Users/mathe/OneDrive - UFPE/Documentos/Faculdade/2o periodo/SD/monitoria/quartus/magnetron/logica_mag.v Line: 4
Info (286030): Timing-Driven Synthesis is running
Info (16010): Generating hard_block partition "hard_block:auto_generated_inst"
    Info (16011): Adding 0 node(s), including 0 DDIO, 0 PLL, 0 transceiver and 0 LCELL
Info (21057): Implemented 122 device resources after synthesis - the final resource count might be different
    Info (21058): Implemented 15 input pins
    Info (21059): Implemented 22 output pins
    Info (21061): Implemented 85 logic cells
Info: Quartus Prime Analysis & Synthesis was successful. 0 errors, 27 warnings
    Info: Peak virtual memory: 4770 megabytes
    Info: Processing ended: Thu Oct 13 16:55:48 2022
    Info: Elapsed time: 00:00:12
    Info: Total CPU time (on all processors): 00:00:30


